2014-11-24 18:03:59,423 [main] INFO  org.apache.pig.Main - Apache Pig version 0.11.2-mapr (rexported) compiled Jul 12 2013, 16:59:38
2014-11-24 18:03:59,424 [main] INFO  org.apache.pig.Main - Logging error messages to: /data1/home/jli21/sams/item_cob_scoring/main/pig_1416881039420.log
2014-11-24 18:03:59,970 [main] INFO  org.apache.pig.impl.util.Utils - Default bootup file /home/jli21/.pigbootup not found
2014-11-24 18:04:00,356 [main] INFO  org.apache.pig.backend.hadoop.executionengine.HExecutionEngine - Connecting to hadoop file system at: maprfs:///
2014-11-24 18:04:00,575 [main] INFO  org.apache.pig.backend.hadoop.executionengine.HExecutionEngine - Connecting to map-reduce job tracker at: maprfs:///
2014-11-24 18:04:02,199 [main] INFO  org.apache.pig.tools.pigstats.ScriptState - Pig features used in the script: GROUP_BY,STREAMING
2014-11-24 18:04:02,676 [main] INFO  org.apache.pig.backend.hadoop.executionengine.mapReduceLayer.MRCompiler - File concatenation threshold: 100 optimistic? false
2014-11-24 18:04:02,786 [main] INFO  org.apache.pig.backend.hadoop.executionengine.mapReduceLayer.MultiQueryOptimizer - MR plan size before optimization: 1
2014-11-24 18:04:02,787 [main] INFO  org.apache.pig.backend.hadoop.executionengine.mapReduceLayer.MultiQueryOptimizer - MR plan size after optimization: 1
2014-11-24 18:04:02,909 [main] INFO  org.apache.pig.tools.pigstats.ScriptState - Pig script settings are added to the job
2014-11-24 18:04:02,954 [main] INFO  org.apache.pig.backend.hadoop.executionengine.mapReduceLayer.JobControlCompiler - mapred.job.reduce.markreset.buffer.percent is not set, set to default 0.3
2014-11-24 18:04:02,963 [main] INFO  org.apache.pig.backend.hadoop.executionengine.mapReduceLayer.JobControlCompiler - Setting Parallelism to 500
2014-11-24 18:04:02,964 [main] INFO  org.apache.pig.backend.hadoop.executionengine.mapReduceLayer.JobControlCompiler - creating jar file Job4079239331549368446.jar
2014-11-24 18:04:11,683 [main] INFO  org.apache.pig.backend.hadoop.executionengine.mapReduceLayer.JobControlCompiler - jar file Job4079239331549368446.jar created
2014-11-24 18:04:11,878 [main] INFO  org.apache.pig.backend.hadoop.executionengine.mapReduceLayer.JobControlCompiler - Setting up single store job
2014-11-24 18:04:11,916 [main] INFO  org.apache.pig.data.SchemaTupleFrontend - Key [pig.schematuple] is false, will not generate code.
2014-11-24 18:04:11,916 [main] INFO  org.apache.pig.data.SchemaTupleFrontend - Starting process to move generated code to distributed cacche
2014-11-24 18:04:11,916 [main] INFO  org.apache.pig.data.SchemaTupleFrontend - Setting key [pig.schematuple.classes] with classes to deserialize []
2014-11-24 18:04:12,156 [main] INFO  org.apache.pig.backend.hadoop.executionengine.mapReduceLayer.MapReduceLauncher - 1 map-reduce job(s) waiting for submission.
2014-11-24 18:04:12,197 [JobControl] INFO  org.apache.zookeeper.ZooKeeper - Client environment:zookeeper.version=3.3.6--1, built on 09/07/2012 18:16 GMT
2014-11-24 18:04:12,197 [JobControl] INFO  org.apache.zookeeper.ZooKeeper - Client environment:host.name=sg-dev01.sv.walmartlabs.com
2014-11-24 18:04:12,197 [JobControl] INFO  org.apache.zookeeper.ZooKeeper - Client environment:java.version=1.6.0_38
2014-11-24 18:04:12,197 [JobControl] INFO  org.apache.zookeeper.ZooKeeper - Client environment:java.vendor=Sun Microsystems Inc.
2014-11-24 18:04:12,197 [JobControl] INFO  org.apache.zookeeper.ZooKeeper - Client environment:java.home=/usr/java/jdk1.6.0_38/jre
2014-11-24 18:04:12,197 [JobControl] INFO  org.apache.zookeeper.ZooKeeper - Client environment:java.class.path=/opt/mapr/hadoop/hadoop-0.20.2/bin/../conf:/usr/java/default/lib/tools.jar:/data1/opt/mapr/pig/pig-0.11.2/bin/../conf:/usr/java/default/lib/tools.jar:/data1/opt/mapr/pig/pig-0.11.2/bin/../lib/sdsuLibJKD12.jar:/data1/opt/mapr/pig/pig-0.11.2/bin/../pig-withouthadoop.jar::/usr/local/bfd/lib/hadoop/jackson-mapper-asl-1.9.2.jar:/usr/local/bfd/lib/hadoop/jackson-core-asl-1.9.2.jar:/usr/local/bfd/lib/hadoop/hadoop-snappy-0.0.1-walmart.jar:/opt/hadoopgpl/lib/hadoop-lzo.jar:/usr/local/bfd-hadoop-common/lib/bfd-hadoop-util-0.1-SNAPSHOT.jar:/opt/mapr/hadoop/hadoop-0.20.2/bin/..:/opt/mapr/hadoop/hadoop-0.20.2/bin/../hadoop*core*.jar:/opt/mapr/hadoop/hadoop-0.20.2/bin/../lib/amazon-s3.jar:/opt/mapr/hadoop/hadoop-0.20.2/bin/../lib/asm-3.2.jar:/opt/mapr/hadoop/hadoop-0.20.2/bin/../lib/aspectjrt-1.6.5.jar:/opt/mapr/hadoop/hadoop-0.20.2/bin/../lib/aspectjtools-1.6.5.jar:/opt/mapr/hadoop/hadoop-0.20.2/bin/../lib/aws-java-sdk-1.3.26.jar:/opt/mapr/hadoop/hadoop-0.20.2/bin/../lib/baseutils-0.1.jar:/opt/mapr/hadoop/hadoop-0.20.2/bin/../lib/commons-cli-1.2.jar:/opt/mapr/hadoop/hadoop-0.20.2/bin/../lib/commons-codec-1.5.jar:/opt/mapr/hadoop/hadoop-0.20.2/bin/../lib/commons-configuration-1.8.jar:/opt/mapr/hadoop/hadoop-0.20.2/bin/../lib/commons-daemon-1.0.1.jar:/opt/mapr/hadoop/hadoop-0.20.2/bin/../lib/commons-el-1.0.jar:/opt/mapr/hadoop/hadoop-0.20.2/bin/../lib/commons-httpclient-3.0.1.jar:/opt/mapr/hadoop/hadoop-0.20.2/bin/../lib/commons-httpclient-3.1.jar:/opt/mapr/hadoop/hadoop-0.20.2/bin/../lib/commons-lang-2.6.jar:/opt/mapr/hadoop/hadoop-0.20.2/bin/../lib/commons-logging-1.0.4.jar:/opt/mapr/hadoop/hadoop-0.20.2/bin/../lib/commons-logging-1.1.1.jar:/opt/mapr/hadoop/hadoop-0.20.2/bin/../lib/commons-logging-api-1.0.4.jar:/opt/mapr/hadoop/hadoop-0.20.2/bin/../lib/commons-math-2.1.jar:/opt/mapr/hadoop/hadoop-0.20.2/bin/../lib/commons-net-1.4.1.jar:/opt/mapr/hadoop/hadoop-0.20.2/bin/../lib/commons-net-3.1.jar:/opt/mapr/hadoop/hadoop-0.20.2/bin/../lib/core-3.1.1.jar:/opt/mapr/hadoop/hadoop-0.20.2/bin/../lib/emr-metrics-1.0.jar:/opt/mapr/hadoop/hadoop-0.20.2/bin/../lib/eval-0.5.jar:/opt/mapr/hadoop/hadoop-0.20.2/bin/../lib/gson-1.4.jar:/opt/mapr/hadoop/hadoop-0.20.2/bin/../lib/guava-13.0.1.jar:/opt/mapr/hadoop/hadoop-0.20.2/bin/../lib/hadoop-0.20.2-dev-capacity-scheduler.jar:/opt/mapr/hadoop/hadoop-0.20.2/bin/../lib/hadoop-0.20.2-dev-core.jar:/opt/mapr/hadoop/hadoop-0.20.2/bin/../lib/hadoop-0.20.2-dev-fairscheduler.jar:/opt/mapr/hadoop/hadoop-0.20.2/bin/../lib/hsqldb-1.8.0.10.jar:/opt/mapr/hadoop/hadoop-0.20.2/bin/../lib/httpclient-4.1.1.jar:/opt/mapr/hadoop/hadoop-0.20.2/bin/../lib/httpcore-4.1.jar:/opt/mapr/hadoop/hadoop-0.20.2/bin/../lib/jackson-core-asl-1.5.2.jar:/opt/mapr/hadoop/hadoop-0.20.2/bin/../lib/jackson-mapper-asl-1.5.2.jar:/opt/mapr/hadoop/hadoop-0.20.2/bin/../lib/jasper-compiler-5.5.12.jar:/opt/mapr/hadoop/hadoop-0.20.2/bin/../lib/jasper-runtime-5.5.12.jar:/opt/mapr/hadoop/hadoop-0.20.2/bin/../lib/jersey-core-1.8.jar:/opt/mapr/hadoop/hadoop-0.20.2/bin/../lib/jersey-json-1.8.jar:/opt/mapr/hadoop/hadoop-0.20.2/bin/../lib/jersey-server-1.8.jar:/opt/mapr/hadoop/hadoop-0.20.2/bin/../lib/jets3t-0.6.1.jar:/opt/mapr/hadoop/hadoop-0.20.2/bin/../lib/jetty-6.1.26.jar:/opt/mapr/hadoop/hadoop-0.20.2/bin/../lib/jetty-servlet-tester-6.1.26.jar:/opt/mapr/hadoop/hadoop-0.20.2/bin/../lib/jetty-util-6.1.26.jar:/opt/mapr/hadoop/hadoop-0.20.2/bin/../lib/junit-4.5.jar:/opt/mapr/hadoop/hadoop-0.20.2/bin/../lib/kfs-0.2.2.jar:/opt/mapr/hadoop/hadoop-0.20.2/bin/../lib/libprotodefs.jar:/opt/mapr/hadoop/hadoop-0.20.2/bin/../lib/log4j-1.2.15.jar:/opt/mapr/hadoop/hadoop-0.20.2/bin/../lib/logging-0.1.jar:/opt/mapr/hadoop/hadoop-0.20.2/bin/../lib/maprfs-1.0.3-mapr-3.0.3.jar:/opt/mapr/hadoop/hadoop-0.20.2/bin/../lib/maprfs-core-1.0.3-mapr-3.0.3.jar:/opt/mapr/hadoop/hadoop-0.20.2/bin/../lib/maprfs-core-1.0.3-mapr-3.0.3-tests.jar:/opt/mapr/hadoop/hadoop-0.20.2/bin/../lib/maprfs-diagnostic-tools-1.0.3-mapr-3.0.3.jar:/opt/mapr/hadoop/hadoop-0.20.2/bin/../lib/maprfs-*.jar:/opt/mapr/hadoop/hadoop-0.20.2/bin/../lib/maprfs-jni-1.0.3-mapr-3.0.3.jar:/opt/mapr/hadoop/hadoop-0.20.2/bin/../lib/mapr-hbase-1.0.3-mapr-3.0.3.jar:/opt/mapr/hadoop/hadoop-0.20.2/bin/../lib/mapr-hbase-1.0.3-mapr-3.0.3-tests.jar:/opt/mapr/hadoop/hadoop-0.20.2/bin/../lib/maprsecurity-0.1.jar:/opt/mapr/hadoop/hadoop-0.20.2/bin/../lib/mockito-all-1.8.2.jar:/opt/mapr/hadoop/hadoop-0.20.2/bin/../lib/mockito-all-1.8.5.jar:/opt/mapr/hadoop/hadoop-0.20.2/bin/../lib/mysql-connector-java-5.0.8-bin.jar:/opt/mapr/hadoop/hadoop-0.20.2/bin/../lib/oro-2.0.8.jar:/opt/mapr/hadoop/hadoop-0.20.2/bin/../lib/protobuf-java-2.4.1.jar:/opt/mapr/hadoop/hadoop-0.20.2/bin/../lib/servlet-api-2.5-20081211.jar:/opt/mapr/hadoop/hadoop-0.20.2/bin/../lib/servlet-api-2.5-6.1.14.jar:/opt/mapr/hadoop/hadoop-0.20.2/bin/../lib/slf4j-api-1.4.3.jar:/opt/mapr/hadoop/hadoop-0.20.2/bin/../lib/slf4j-log4j12-1.4.3.jar:/opt/mapr/hadoop/hadoop-0.20.2/bin/../lib/xmlenc-0.52.jar:/opt/mapr/hadoop/hadoop-0.20.2/bin/../lib/zookeeper-3.3.6.jar:/opt/mapr/hadoop/hadoop-0.20.2/bin/../lib/jsp-2.1/jsp-2.1.jar:/opt/mapr/hadoop/hadoop-0.20.2/bin/../lib/jsp-2.1/jsp-api-2.1.jar
2014-11-24 18:04:12,198 [JobControl] INFO  org.apache.zookeeper.ZooKeeper - Client environment:java.library.path=/opt/hadoopgpl/native/Linux-amd64-64:/usr/local/bfd/lib/hadoop/native/Linux-amd64-64:/opt/mapr/hadoop/hadoop-0.20.2/bin/../lib/native/Linux-amd64-64::/usr/lib64
2014-11-24 18:04:12,198 [JobControl] INFO  org.apache.zookeeper.ZooKeeper - Client environment:java.io.tmpdir=/tmp
2014-11-24 18:04:12,198 [JobControl] INFO  org.apache.zookeeper.ZooKeeper - Client environment:java.compiler=<NA>
2014-11-24 18:04:12,198 [JobControl] INFO  org.apache.zookeeper.ZooKeeper - Client environment:os.name=Linux
2014-11-24 18:04:12,198 [JobControl] INFO  org.apache.zookeeper.ZooKeeper - Client environment:os.arch=amd64
2014-11-24 18:04:12,198 [JobControl] INFO  org.apache.zookeeper.ZooKeeper - Client environment:os.version=2.6.32-358.6.2.el6.x86_64
2014-11-24 18:04:12,198 [JobControl] INFO  org.apache.zookeeper.ZooKeeper - Client environment:user.name=jli21
2014-11-24 18:04:12,198 [JobControl] INFO  org.apache.zookeeper.ZooKeeper - Client environment:user.home=/home/jli21
2014-11-24 18:04:12,198 [JobControl] INFO  org.apache.zookeeper.ZooKeeper - Client environment:user.dir=/data1/home/jli21/sams/item_cob_scoring/main
2014-11-24 18:04:12,200 [JobControl] INFO  org.apache.zookeeper.ZooKeeper - Initiating client connection, connectString=mapr010:5181,mapr020:5181,mapr030:5181,mapr040:5181,mapr101:5181 sessionTimeout=30000 watcher=com.mapr.fs.JobTrackerWatcher@3b06433d
2014-11-24 18:04:12,258 [JobControl-SendThread()] INFO  org.apache.zookeeper.ClientCnxn - Opening socket connection to server mapr020/10.93.128.120:5181
2014-11-24 18:04:12,269 [JobControl-SendThread(mapr020:5181)] INFO  org.apache.zookeeper.ClientCnxn - Socket connection established to mapr020/10.93.128.120:5181, initiating session
2014-11-24 18:04:12,288 [JobControl-SendThread(mapr020:5181)] INFO  org.apache.zookeeper.ClientCnxn - Session establishment complete on server mapr020/10.93.128.120:5181, sessionid = 0x149b04b7705a2be, negotiated timeout = 30000
2014-11-24 18:04:12,388 [JobControl] INFO  com.mapr.fs.JobTrackerWatcher - Current running JobTracker is: mapr010.sv.walmartlabs.com/10.93.128.110:9001
2014-11-24 18:04:12,658 [main] INFO  org.apache.pig.backend.hadoop.executionengine.mapReduceLayer.MapReduceLauncher - 0% complete
2014-11-24 18:04:13,411 [JobControl] INFO  org.apache.hadoop.mapreduce.lib.input.FileInputFormat - Total input paths to process : 500
2014-11-24 18:04:13,412 [JobControl] INFO  org.apache.pig.backend.hadoop.executionengine.util.MapRedUtil - Total input paths to process : 500
2014-11-24 18:04:14,804 [JobControl] INFO  org.apache.pig.backend.hadoop.executionengine.util.MapRedUtil - Total input paths (combined) to process : 3
2014-11-24 18:04:15,143 [JobControl] INFO  org.apache.hadoop.mapred.JobClient - Creating job's output directory at /user/jli21/pythia/Workspaces/SamsMEP/trans_agg/ThankYou/2014-11-24/Decay/transactionAgg_cobought_studySet_subcatAll_10qtl
2014-11-24 18:04:15,156 [JobControl] INFO  org.apache.hadoop.mapred.JobClient - Creating job's user history location directory at /user/jli21/pythia/Workspaces/SamsMEP/trans_agg/ThankYou/2014-11-24/Decay/transactionAgg_cobought_studySet_subcatAll_10qtl/_logs
2014-11-24 18:04:16,490 [main] INFO  org.apache.pig.backend.hadoop.executionengine.mapReduceLayer.MapReduceLauncher - HadoopJobId: job_201409220913_1890493
2014-11-24 18:04:16,491 [main] INFO  org.apache.pig.backend.hadoop.executionengine.mapReduceLayer.MapReduceLauncher - Processing aliases grpData,outputScore,scoreConvert,transData,transDataGrp
2014-11-24 18:04:16,491 [main] INFO  org.apache.pig.backend.hadoop.executionengine.mapReduceLayer.MapReduceLauncher - detailed locations: M: transData[14,12],transData[-1,-1],transDataGrp[16,15] C:  R: grpData[18,10],outputScore[20,14],outputScore[-1,-1],scoreConvert[22,15]
2014-11-24 18:04:16,491 [main] INFO  org.apache.pig.backend.hadoop.executionengine.mapReduceLayer.MapReduceLauncher - More information at: http://maprfs:50030/jobdetails.jsp?jobid=job_201409220913_1890493
2014-11-24 18:04:16,506 [main] INFO  com.mapr.fs.JobTrackerWatcher - Current running JobTracker is: mapr010.sv.walmartlabs.com/10.93.128.110:9001
2014-11-24 18:04:53,098 [main] INFO  org.apache.pig.backend.hadoop.executionengine.mapReduceLayer.MapReduceLauncher - 5% complete
2014-11-24 18:04:54,477 [main] INFO  org.apache.pig.backend.hadoop.executionengine.mapReduceLayer.MapReduceLauncher - 9% complete
2014-11-24 18:04:55,356 [main] INFO  org.apache.pig.backend.hadoop.executionengine.mapReduceLayer.MapReduceLauncher - 11% complete
2014-11-24 18:04:59,145 [main] INFO  org.apache.pig.backend.hadoop.executionengine.mapReduceLayer.MapReduceLauncher - 15% complete
2014-11-24 18:05:03,793 [main] INFO  org.apache.pig.backend.hadoop.executionengine.mapReduceLayer.MapReduceLauncher - 17% complete
2014-11-24 18:05:05,641 [main] INFO  org.apache.pig.backend.hadoop.executionengine.mapReduceLayer.MapReduceLauncher - 19% complete
2014-11-24 18:05:06,335 [main] INFO  org.apache.pig.backend.hadoop.executionengine.mapReduceLayer.MapReduceLauncher - 20% complete
2014-11-24 18:05:09,017 [main] INFO  org.apache.pig.backend.hadoop.executionengine.mapReduceLayer.MapReduceLauncher - 22% complete
2014-11-24 18:05:12,935 [main] INFO  org.apache.pig.backend.hadoop.executionengine.mapReduceLayer.MapReduceLauncher - 26% complete
2014-11-24 18:05:14,479 [main] INFO  org.apache.pig.backend.hadoop.executionengine.mapReduceLayer.MapReduceLauncher - 26% complete
2014-11-24 18:05:16,744 [main] INFO  org.apache.pig.backend.hadoop.executionengine.mapReduceLayer.MapReduceLauncher - 29% complete
2014-11-24 18:05:19,777 [main] INFO  org.apache.pig.backend.hadoop.executionengine.mapReduceLayer.MapReduceLauncher - 32% complete
2014-11-24 18:05:21,258 [main] INFO  org.apache.pig.backend.hadoop.executionengine.mapReduceLayer.MapReduceLauncher - 33% complete
2014-11-24 18:05:22,039 [main] INFO  org.apache.pig.backend.hadoop.executionengine.mapReduceLayer.MapReduceLauncher - 35% complete
2014-11-24 18:05:24,154 [main] INFO  org.apache.pig.backend.hadoop.executionengine.mapReduceLayer.MapReduceLauncher - 38% complete
2014-11-24 18:05:28,271 [main] INFO  org.apache.pig.backend.hadoop.executionengine.mapReduceLayer.MapReduceLauncher - 41% complete
2014-11-24 18:05:31,235 [main] INFO  org.apache.pig.backend.hadoop.executionengine.mapReduceLayer.MapReduceLauncher - 41% complete
2014-11-24 18:05:52,356 [main] INFO  org.apache.pig.backend.hadoop.executionengine.mapReduceLayer.MapReduceLauncher - 48% complete
2014-11-24 18:06:14,780 [main] INFO  org.apache.pig.backend.hadoop.executionengine.mapReduceLayer.MapReduceLauncher - 49% complete
2014-11-24 18:06:21,901 [main] INFO  org.apache.pig.backend.hadoop.executionengine.mapReduceLayer.MapReduceLauncher - 49% complete
2014-11-24 18:07:03,012 [main] INFO  org.apache.pig.backend.hadoop.executionengine.mapReduceLayer.MapReduceLauncher - 50% complete
2014-11-24 18:07:06,987 [main] INFO  org.apache.pig.backend.hadoop.executionengine.mapReduceLayer.MapReduceLauncher - 52% complete
2014-11-24 18:07:08,437 [main] INFO  org.apache.pig.backend.hadoop.executionengine.mapReduceLayer.MapReduceLauncher - 55% complete
2014-11-24 18:07:09,593 [main] INFO  org.apache.pig.backend.hadoop.executionengine.mapReduceLayer.MapReduceLauncher - 57% complete
2014-11-24 18:07:10,652 [main] INFO  org.apache.pig.backend.hadoop.executionengine.mapReduceLayer.MapReduceLauncher - 60% complete
2014-11-24 18:07:11,665 [main] INFO  org.apache.pig.backend.hadoop.executionengine.mapReduceLayer.MapReduceLauncher - 62% complete
2014-11-24 18:07:12,715 [main] INFO  org.apache.pig.backend.hadoop.executionengine.mapReduceLayer.MapReduceLauncher - 64% complete
2014-11-24 18:07:14,860 [main] INFO  org.apache.pig.backend.hadoop.executionengine.mapReduceLayer.MapReduceLauncher - 66% complete
2014-11-24 18:07:16,128 [main] INFO  org.apache.pig.backend.hadoop.executionengine.mapReduceLayer.MapReduceLauncher - 68% complete
2014-11-24 18:07:17,511 [main] INFO  org.apache.pig.backend.hadoop.executionengine.mapReduceLayer.MapReduceLauncher - 70% complete
2014-11-24 18:07:19,137 [main] INFO  org.apache.pig.backend.hadoop.executionengine.mapReduceLayer.MapReduceLauncher - 72% complete
2014-11-24 18:07:22,618 [main] INFO  org.apache.pig.backend.hadoop.executionengine.mapReduceLayer.MapReduceLauncher - 77% complete
2014-11-24 18:07:24,891 [main] INFO  org.apache.pig.backend.hadoop.executionengine.mapReduceLayer.MapReduceLauncher - 80% complete
2014-11-24 18:07:26,833 [main] INFO  org.apache.pig.backend.hadoop.executionengine.mapReduceLayer.MapReduceLauncher - 86% complete
2014-11-24 18:07:29,786 [main] INFO  org.apache.pig.backend.hadoop.executionengine.mapReduceLayer.MapReduceLauncher - 90% complete
2014-11-24 18:07:32,177 [main] INFO  org.apache.pig.backend.hadoop.executionengine.mapReduceLayer.MapReduceLauncher - 93% complete
2014-11-24 18:07:34,797 [main] INFO  org.apache.pig.backend.hadoop.executionengine.mapReduceLayer.MapReduceLauncher - 95% complete
2014-11-24 18:07:55,207 [main] INFO  org.apache.pig.backend.hadoop.executionengine.mapReduceLayer.MapReduceLauncher - 98% complete
2014-11-24 18:08:18,463 [main] INFO  org.apache.pig.backend.hadoop.executionengine.mapReduceLayer.MapReduceLauncher - 100% complete
2014-11-24 18:08:18,470 [main] INFO  org.apache.pig.tools.pigstats.SimplePigStats - Script Statistics: 

HadoopVersion	PigVersion	UserId	StartedAt	FinishedAt	Features
1.0.3	0.11.2-mapr	jli21	2014-11-24 18:04:02	2014-11-24 18:08:18	GROUP_BY,STREAMING

Success!

Job Stats (time in seconds):
JobId	Maps	Reduces	MaxMapTime	MinMapTIme	AvgMapTime	MedianMapTime	MaxReduceTime	MinReduceTime	AvgReduceTime	MedianReducetime	Alias	Feature	Outputs
job_201409220913_1890493	3	500	140	95	113	103	64	5	18	17	grpData,outputScore,scoreConvert,transData,transDataGrp	GROUP_BY,STREAMING	/user/jli21/pythia/Workspaces/SamsMEP/trans_agg/ThankYou/2014-11-24/Decay/transactionAgg_cobought_studySet_subcatAll_10qtl,

Input(s):
Successfully read 13632202 records from: "/user/jli21/pythia/Workspaces/SamsMEP/trans_agg/ThankYou/2014-11-24/Decay/transactionAgg_cobought_studySet_subcatAll"

Output(s):
Successfully stored 13632202 records in: "/user/jli21/pythia/Workspaces/SamsMEP/trans_agg/ThankYou/2014-11-24/Decay/transactionAgg_cobought_studySet_subcatAll_10qtl"

Counters:
Total records written : 13632202
Total bytes written : 0
Spillable Memory Manager spill count : 0
Total bags proactively spilled: 0
Total records proactively spilled: 0

Job DAG:
job_201409220913_1890493


2014-11-24 18:08:20,604 [main] INFO  org.apache.pig.backend.hadoop.executionengine.mapReduceLayer.MapReduceLauncher - Success!
