Time taken: 89.357 seconds
Item info dumping was successful.
test: Requested file /user/jli21/pythia/Workspaces/CNP/reco/2015-04-23/landing/clubItemLandingDir does not exist.
Club-availability dummping was successful.
test: Requested file /user/jli21/pythia/Workspaces/CNP/reco/2015-04-23/landing/paidCardPreferClubLandingDir does not exist.
Dumped the paid cards to hdfs: /user/jli21/pythia/Workspaces/CNP/reco/2015-04-23/landing/paidCardPreferClubLandingDir/.
test: Requested file /user/jli21/pythia/Workspaces/CNP/reco/2015-04-23/landing/allCardPreferClubLandingDir does not exist.
Dumped all cards to hdfs: /user/jli21/pythia/Workspaces/CNP/reco/2015-04-23/landing/allCardPreferClubLandingDir/.
Paid card club rolling succeeded!
All card club rolling succeeded!
Club item popularity rolling succeeded!
Member item popularity rolling succeeded!
Card item popularity rolling succeeded!
Mapping from a sub-cat to the most popular item succeeded!
The prep stage was done successfully.


Input(s):
Successfully read 49620859663 records from: "/user/pythia/Workspaces/SamsMEP/Recommend/Scoring/cnp_memberCard/2015-04-24/Decay/recommend_score_cobought_no_smoothing_max_cosine_cobought_transaction_debug_adj_study_scaled"
Successfully read 106174434 records from: "/user/jli21/pythia/Workspaces/CNP/reco/2015-04-23/tripleKey/all"
Successfully read 858434 records from: "/user/jli21/pythia/Workspaces/CNP/reco/2015-04-23/preference/clubSubcat2Item"
Successfully read 1597969 records from: "/user/jli21/pythia/Workspaces/CNP/reco/2015-04-23/itemInfo/dump"
Successfully read 62018 records from: "/user/pythia/Workspaces/SamsMEP/mapping/systemItemNbr_catalogItemId_map/ds=2014-11-16-0600"

Output(s):
Successfully stored 20440310 records in: "/user/pythia/Workspaces/SamsMEP/Recommend/Scoring/cnp_memberCard/2015-04-24/Decay/recommend_score_cobought_no_smoothing_max_cosine_cobought_transaction_debug_cnp.gz"



