2014-11-17 14:41:09,828 [main] INFO  org.apache.pig.Main - Apache Pig version 0.11.2-mapr (rexported) compiled Jul 12 2013, 16:59:38
2014-11-17 14:41:09,829 [main] INFO  org.apache.pig.Main - Logging error messages to: /data1/home/jli21/project/reco/src/production/pig_1416264069825.log
2014-11-17 14:41:10,136 [main] INFO  org.apache.pig.impl.util.Utils - Default bootup file /home/jli21/.pigbootup not found
2014-11-17 14:41:10,340 [main] INFO  org.apache.pig.backend.hadoop.executionengine.HExecutionEngine - Connecting to hadoop file system at: maprfs:///
2014-11-17 14:41:10,532 [main] INFO  org.apache.pig.backend.hadoop.executionengine.HExecutionEngine - Connecting to map-reduce job tracker at: maprfs:///
score: {membershipNumber: chararray,cardholders: {(cardHolder: chararray,recoItems: {(mdsFamId: int,itemDesc: chararray,categoryId: int,subCategoryId: int,itemNbr: int,productId: chararray,relevanceScore: float,popupReason: chararray,weekRatio: (Mon: float,Tue: float,Wed: float,Thu: float,Fri: float,Sat: float,Sun: float))})}}
2014-11-17 14:41:12,546 [main] INFO  org.apache.pig.tools.pigstats.ScriptState - Pig features used in the script: FILTER
2014-11-17 14:41:12,769 [main] INFO  org.apache.pig.backend.hadoop.executionengine.mapReduceLayer.MRCompiler - File concatenation threshold: 100 optimistic? false
2014-11-17 14:41:12,831 [main] INFO  org.apache.pig.backend.hadoop.executionengine.mapReduceLayer.MultiQueryOptimizer - MR plan size before optimization: 1
2014-11-17 14:41:12,831 [main] INFO  org.apache.pig.backend.hadoop.executionengine.mapReduceLayer.MultiQueryOptimizer - MR plan size after optimization: 1
2014-11-17 14:41:12,935 [main] INFO  org.apache.pig.tools.pigstats.ScriptState - Pig script settings are added to the job
2014-11-17 14:41:12,965 [main] INFO  org.apache.pig.backend.hadoop.executionengine.mapReduceLayer.JobControlCompiler - mapred.job.reduce.markreset.buffer.percent is not set, set to default 0.3
2014-11-17 14:41:12,976 [main] INFO  org.apache.pig.backend.hadoop.executionengine.mapReduceLayer.JobControlCompiler - Setting Parallelism to 1000
2014-11-17 14:41:12,976 [main] INFO  org.apache.pig.backend.hadoop.executionengine.mapReduceLayer.JobControlCompiler - creating jar file Job8308426595832176618.jar
2014-11-17 14:41:20,786 [main] INFO  org.apache.pig.backend.hadoop.executionengine.mapReduceLayer.JobControlCompiler - jar file Job8308426595832176618.jar created
2014-11-17 14:41:20,826 [main] INFO  org.apache.pig.backend.hadoop.executionengine.mapReduceLayer.JobControlCompiler - Setting up single store job
2014-11-17 14:41:20,968 [main] INFO  org.apache.pig.backend.hadoop.executionengine.mapReduceLayer.MapReduceLauncher - 1 map-reduce job(s) waiting for submission.
2014-11-17 14:41:21,005 [JobControl] INFO  org.apache.zookeeper.ZooKeeper - Client environment:zookeeper.version=3.3.6--1, built on 09/07/2012 18:16 GMT
2014-11-17 14:41:21,005 [JobControl] INFO  org.apache.zookeeper.ZooKeeper - Client environment:host.name=offers-cnp00.sv.walmartlabs.com
2014-11-17 14:41:21,005 [JobControl] INFO  org.apache.zookeeper.ZooKeeper - Client environment:java.version=1.6.0_38
2014-11-17 14:41:21,006 [JobControl] INFO  org.apache.zookeeper.ZooKeeper - Client environment:java.vendor=Sun Microsystems Inc.
2014-11-17 14:41:21,006 [JobControl] INFO  org.apache.zookeeper.ZooKeeper - Client environment:java.home=/usr/java/jdk1.6.0_38/jre
2014-11-17 14:41:21,006 [JobControl] INFO  org.apache.zookeeper.ZooKeeper - Client environment:java.class.path=/opt/mapr/hadoop/hadoop-0.20.2/bin/../conf:/usr/java/default/lib/tools.jar:/data1/opt/mapr/pig/pig-0.11.2/bin/../conf:/usr/java/default/lib/tools.jar:/data1/opt/mapr/pig/pig-0.11.2/bin/../lib/sdsuLibJKD12.jar:/data1/opt/mapr/pig/pig-0.11.2/bin/../pig-withouthadoop.jar::/usr/local/bfd/lib/hadoop/hadoop-snappy-0.0.1-walmart.jar:/usr/local/bfd/lib/hadoop/jackson-core-asl-1.9.2.jar:/usr/local/bfd/lib/hadoop/jackson-mapper-asl-1.9.2.jar:/opt/hadoopgpl/lib/hadoop-lzo.jar:/usr/local/bfd-hadoop-common/lib/bfd-hadoop-util-0.1-SNAPSHOT.jar:/opt/mapr/hadoop/hadoop-0.20.2/bin/..:/opt/mapr/hadoop/hadoop-0.20.2/bin/../hadoop*core*.jar:/opt/mapr/hadoop/hadoop-0.20.2/bin/../lib/amazon-s3.jar:/opt/mapr/hadoop/hadoop-0.20.2/bin/../lib/asm-3.2.jar:/opt/mapr/hadoop/hadoop-0.20.2/bin/../lib/aspectjrt-1.6.5.jar:/opt/mapr/hadoop/hadoop-0.20.2/bin/../lib/aspectjtools-1.6.5.jar:/opt/mapr/hadoop/hadoop-0.20.2/bin/../lib/aws-java-sdk-1.3.26.jar:/opt/mapr/hadoop/hadoop-0.20.2/bin/../lib/baseutils-0.1.jar:/opt/mapr/hadoop/hadoop-0.20.2/bin/../lib/commons-cli-1.2.jar:/opt/mapr/hadoop/hadoop-0.20.2/bin/../lib/commons-codec-1.5.jar:/opt/mapr/hadoop/hadoop-0.20.2/bin/../lib/commons-configuration-1.8.jar:/opt/mapr/hadoop/hadoop-0.20.2/bin/../lib/commons-daemon-1.0.1.jar:/opt/mapr/hadoop/hadoop-0.20.2/bin/../lib/commons-el-1.0.jar:/opt/mapr/hadoop/hadoop-0.20.2/bin/../lib/commons-httpclient-3.0.1.jar:/opt/mapr/hadoop/hadoop-0.20.2/bin/../lib/commons-httpclient-3.1.jar:/opt/mapr/hadoop/hadoop-0.20.2/bin/../lib/commons-lang-2.6.jar:/opt/mapr/hadoop/hadoop-0.20.2/bin/../lib/commons-logging-1.0.4.jar:/opt/mapr/hadoop/hadoop-0.20.2/bin/../lib/commons-logging-1.1.1.jar:/opt/mapr/hadoop/hadoop-0.20.2/bin/../lib/commons-logging-api-1.0.4.jar:/opt/mapr/hadoop/hadoop-0.20.2/bin/../lib/commons-math-2.1.jar:/opt/mapr/hadoop/hadoop-0.20.2/bin/../lib/commons-net-1.4.1.jar:/opt/mapr/hadoop/hadoop-0.20.2/bin/../lib/commons-net-3.1.jar:/opt/mapr/hadoop/hadoop-0.20.2/bin/../lib/core-3.1.1.jar:/opt/mapr/hadoop/hadoop-0.20.2/bin/../lib/emr-metrics-1.0.jar:/opt/mapr/hadoop/hadoop-0.20.2/bin/../lib/eval-0.5.jar:/opt/mapr/hadoop/hadoop-0.20.2/bin/../lib/gson-1.4.jar:/opt/mapr/hadoop/hadoop-0.20.2/bin/../lib/guava-13.0.1.jar:/opt/mapr/hadoop/hadoop-0.20.2/bin/../lib/hadoop-0.20.2-dev-capacity-scheduler.jar:/opt/mapr/hadoop/hadoop-0.20.2/bin/../lib/hadoop-0.20.2-dev-core.jar:/opt/mapr/hadoop/hadoop-0.20.2/bin/../lib/hadoop-0.20.2-dev-fairscheduler.jar:/opt/mapr/hadoop/hadoop-0.20.2/bin/../lib/hsqldb-1.8.0.10.jar:/opt/mapr/hadoop/hadoop-0.20.2/bin/../lib/httpclient-4.1.1.jar:/opt/mapr/hadoop/hadoop-0.20.2/bin/../lib/httpcore-4.1.jar:/opt/mapr/hadoop/hadoop-0.20.2/bin/../lib/jackson-core-asl-1.5.2.jar:/opt/mapr/hadoop/hadoop-0.20.2/bin/../lib/jackson-mapper-asl-1.5.2.jar:/opt/mapr/hadoop/hadoop-0.20.2/bin/../lib/jasper-compiler-5.5.12.jar:/opt/mapr/hadoop/hadoop-0.20.2/bin/../lib/jasper-runtime-5.5.12.jar:/opt/mapr/hadoop/hadoop-0.20.2/bin/../lib/jersey-core-1.8.jar:/opt/mapr/hadoop/hadoop-0.20.2/bin/../lib/jersey-json-1.8.jar:/opt/mapr/hadoop/hadoop-0.20.2/bin/../lib/jersey-server-1.8.jar:/opt/mapr/hadoop/hadoop-0.20.2/bin/../lib/jets3t-0.6.1.jar:/opt/mapr/hadoop/hadoop-0.20.2/bin/../lib/jetty-6.1.26.jar:/opt/mapr/hadoop/hadoop-0.20.2/bin/../lib/jetty-servlet-tester-6.1.26.jar:/opt/mapr/hadoop/hadoop-0.20.2/bin/../lib/jetty-util-6.1.26.jar:/opt/mapr/hadoop/hadoop-0.20.2/bin/../lib/junit-4.5.jar:/opt/mapr/hadoop/hadoop-0.20.2/bin/../lib/kfs-0.2.2.jar:/opt/mapr/hadoop/hadoop-0.20.2/bin/../lib/libprotodefs.jar:/opt/mapr/hadoop/hadoop-0.20.2/bin/../lib/log4j-1.2.15.jar:/opt/mapr/hadoop/hadoop-0.20.2/bin/../lib/logging-0.1.jar:/opt/mapr/hadoop/hadoop-0.20.2/bin/../lib/maprfs-1.0.3-mapr-3.0.3.jar:/opt/mapr/hadoop/hadoop-0.20.2/bin/../lib/maprfs-core-1.0.3-mapr-3.0.3.jar:/opt/mapr/hadoop/hadoop-0.20.2/bin/../lib/maprfs-core-1.0.3-mapr-3.0.3-tests.jar:/opt/mapr/hadoop/hadoop-0.20.2/bin/../lib/maprfs-diagnostic-tools-1.0.3-mapr-3.0.3.jar:/opt/mapr/hadoop/hadoop-0.20.2/bin/../lib/maprfs-*.jar:/opt/mapr/hadoop/hadoop-0.20.2/bin/../lib/maprfs-jni-1.0.3-mapr-3.0.3.jar:/opt/mapr/hadoop/hadoop-0.20.2/bin/../lib/mapr-hbase-1.0.3-mapr-3.0.3.jar:/opt/mapr/hadoop/hadoop-0.20.2/bin/../lib/mapr-hbase-1.0.3-mapr-3.0.3-tests.jar:/opt/mapr/hadoop/hadoop-0.20.2/bin/../lib/maprsecurity-0.1.jar:/opt/mapr/hadoop/hadoop-0.20.2/bin/../lib/mockito-all-1.8.2.jar:/opt/mapr/hadoop/hadoop-0.20.2/bin/../lib/mockito-all-1.8.5.jar:/opt/mapr/hadoop/hadoop-0.20.2/bin/../lib/mysql-connector-java-5.0.8-bin.jar:/opt/mapr/hadoop/hadoop-0.20.2/bin/../lib/oro-2.0.8.jar:/opt/mapr/hadoop/hadoop-0.20.2/bin/../lib/protobuf-java-2.4.1.jar:/opt/mapr/hadoop/hadoop-0.20.2/bin/../lib/servlet-api-2.5-20081211.jar:/opt/mapr/hadoop/hadoop-0.20.2/bin/../lib/servlet-api-2.5-6.1.14.jar:/opt/mapr/hadoop/hadoop-0.20.2/bin/../lib/slf4j-api-1.4.3.jar:/opt/mapr/hadoop/hadoop-0.20.2/bin/../lib/slf4j-log4j12-1.4.3.jar:/opt/mapr/hadoop/hadoop-0.20.2/bin/../lib/xmlenc-0.52.jar:/opt/mapr/hadoop/hadoop-0.20.2/bin/../lib/zookeeper-3.3.6.jar:/opt/mapr/hadoop/hadoop-0.20.2/bin/../lib/jsp-2.1/jsp-2.1.jar:/opt/mapr/hadoop/hadoop-0.20.2/bin/../lib/jsp-2.1/jsp-api-2.1.jar
2014-11-17 14:41:21,006 [JobControl] INFO  org.apache.zookeeper.ZooKeeper - Client environment:java.library.path=/opt/hadoopgpl/native/Linux-amd64-64:/usr/local/bfd/lib/hadoop/native/Linux-amd64-64:/opt/mapr/hadoop/hadoop-0.20.2/bin/../lib/native/Linux-amd64-64::/usr/lib64
2014-11-17 14:41:21,006 [JobControl] INFO  org.apache.zookeeper.ZooKeeper - Client environment:java.io.tmpdir=/tmp
2014-11-17 14:41:21,006 [JobControl] INFO  org.apache.zookeeper.ZooKeeper - Client environment:java.compiler=<NA>
2014-11-17 14:41:21,006 [JobControl] INFO  org.apache.zookeeper.ZooKeeper - Client environment:os.name=Linux
2014-11-17 14:41:21,006 [JobControl] INFO  org.apache.zookeeper.ZooKeeper - Client environment:os.arch=amd64
2014-11-17 14:41:21,006 [JobControl] INFO  org.apache.zookeeper.ZooKeeper - Client environment:os.version=2.6.32-279.19.1.el6.x86_64
2014-11-17 14:41:21,007 [JobControl] INFO  org.apache.zookeeper.ZooKeeper - Client environment:user.name=jli21
2014-11-17 14:41:21,007 [JobControl] INFO  org.apache.zookeeper.ZooKeeper - Client environment:user.home=/home/jli21
2014-11-17 14:41:21,007 [JobControl] INFO  org.apache.zookeeper.ZooKeeper - Client environment:user.dir=/data1/home/jli21/project/reco/src/production
2014-11-17 14:41:21,009 [JobControl] INFO  org.apache.zookeeper.ZooKeeper - Initiating client connection, connectString=mapr010:5181,mapr020:5181,mapr030:5181,mapr040:5181,mapr101:5181 sessionTimeout=30000 watcher=com.mapr.fs.JobTrackerWatcher@1a8fa0d1
2014-11-17 14:41:21,064 [JobControl-SendThread()] INFO  org.apache.zookeeper.ClientCnxn - Opening socket connection to server mapr020/10.93.128.120:5181
2014-11-17 14:41:21,076 [JobControl-SendThread(mapr020:5181)] INFO  org.apache.zookeeper.ClientCnxn - Socket connection established to mapr020/10.93.128.120:5181, initiating session
2014-11-17 14:41:21,104 [JobControl-SendThread(mapr020:5181)] INFO  org.apache.zookeeper.ClientCnxn - Session establishment complete on server mapr020/10.93.128.120:5181, sessionid = 0x149b04b77053104, negotiated timeout = 30000
2014-11-17 14:41:21,203 [JobControl] INFO  com.mapr.fs.JobTrackerWatcher - Current running JobTracker is: mapr010.sv.walmartlabs.com/10.93.128.110:9001
2014-11-17 14:41:21,469 [main] INFO  org.apache.pig.backend.hadoop.executionengine.mapReduceLayer.MapReduceLauncher - 0% complete
2014-11-17 14:41:29,368 [JobControl] INFO  org.apache.hadoop.mapreduce.lib.input.FileInputFormat - Total input paths to process : 400
2014-11-17 14:41:30,120 [JobControl] INFO  org.apache.pig.backend.hadoop.executionengine.util.MapRedUtil - Total input paths (combined) to process : 313
2014-11-17 14:41:32,220 [JobControl] INFO  org.apache.hadoop.mapred.JobClient - Creating job's output directory at /user/pythia/Workspaces/SamsMEP/Recommend/Scoring/cnp/memberCard/2014-11-06/Decay/recommend_score_cobought_no_smoothing_max_cosine_cobought_transaction_debug_cnp.gz.sample
2014-11-17 14:41:32,267 [JobControl] INFO  org.apache.hadoop.mapred.JobClient - Creating job's user history location directory at /user/pythia/Workspaces/SamsMEP/Recommend/Scoring/cnp/memberCard/2014-11-06/Decay/recommend_score_cobought_no_smoothing_max_cosine_cobought_transaction_debug_cnp.gz.sample/_logs
2014-11-17 14:41:36,453 [main] INFO  org.apache.pig.backend.hadoop.executionengine.mapReduceLayer.MapReduceLauncher - HadoopJobId: job_201409220913_1681970
2014-11-17 14:41:36,453 [main] INFO  org.apache.pig.backend.hadoop.executionengine.mapReduceLayer.MapReduceLauncher - Processing aliases score,scoreSample
2014-11-17 14:41:36,453 [main] INFO  org.apache.pig.backend.hadoop.executionengine.mapReduceLayer.MapReduceLauncher - detailed locations: M: score[3,8],scoreSample[12,14] C:  R: 
2014-11-17 14:41:36,454 [main] INFO  org.apache.pig.backend.hadoop.executionengine.mapReduceLayer.MapReduceLauncher - More information at: http://maprfs:50030/jobdetails.jsp?jobid=job_201409220913_1681970
2014-11-17 14:41:36,471 [main] INFO  com.mapr.fs.JobTrackerWatcher - Current running JobTracker is: mapr010.sv.walmartlabs.com/10.93.128.110:9001
2014-11-17 14:42:23,312 [main] INFO  org.apache.pig.backend.hadoop.executionengine.mapReduceLayer.MapReduceLauncher - 1% complete
2014-11-17 14:42:34,102 [main] INFO  org.apache.pig.backend.hadoop.executionengine.mapReduceLayer.MapReduceLauncher - 7% complete
2014-11-17 14:42:42,828 [main] INFO  org.apache.pig.backend.hadoop.executionengine.mapReduceLayer.MapReduceLauncher - 11% complete
2014-11-17 14:42:46,189 [main] INFO  org.apache.pig.backend.hadoop.executionengine.mapReduceLayer.MapReduceLauncher - 12% complete
2014-11-17 14:42:49,926 [main] INFO  org.apache.pig.backend.hadoop.executionengine.mapReduceLayer.MapReduceLauncher - 14% complete
2014-11-17 14:43:00,222 [main] INFO  org.apache.pig.backend.hadoop.executionengine.mapReduceLayer.MapReduceLauncher - 17% complete
2014-11-17 14:43:02,512 [main] INFO  org.apache.pig.backend.hadoop.executionengine.mapReduceLayer.MapReduceLauncher - 18% complete
2014-11-17 14:43:07,617 [main] INFO  org.apache.pig.backend.hadoop.executionengine.mapReduceLayer.MapReduceLauncher - 20% complete
2014-11-17 14:43:31,562 [main] INFO  org.apache.pig.backend.hadoop.executionengine.mapReduceLayer.MapReduceLauncher - 27% complete
2014-11-17 14:43:34,406 [main] INFO  org.apache.pig.backend.hadoop.executionengine.mapReduceLayer.MapReduceLauncher - 28% complete
2014-11-17 14:43:39,265 [main] INFO  org.apache.pig.backend.hadoop.executionengine.mapReduceLayer.MapReduceLauncher - 29% complete
2014-11-17 14:43:48,178 [main] INFO  org.apache.pig.backend.hadoop.executionengine.mapReduceLayer.MapReduceLauncher - 32% complete
2014-11-17 14:43:57,595 [main] INFO  org.apache.pig.backend.hadoop.executionengine.mapReduceLayer.MapReduceLauncher - 34% complete
2014-11-17 14:44:06,237 [main] INFO  org.apache.pig.backend.hadoop.executionengine.mapReduceLayer.MapReduceLauncher - 36% complete
2014-11-17 14:44:30,438 [main] INFO  org.apache.pig.backend.hadoop.executionengine.mapReduceLayer.MapReduceLauncher - 39% complete
2014-11-17 14:44:35,730 [main] INFO  org.apache.pig.backend.hadoop.executionengine.mapReduceLayer.MapReduceLauncher - 42% complete
2014-11-17 14:44:45,337 [main] INFO  org.apache.pig.backend.hadoop.executionengine.mapReduceLayer.MapReduceLauncher - 43% complete
2014-11-17 14:45:26,792 [main] INFO  org.apache.pig.backend.hadoop.executionengine.mapReduceLayer.MapReduceLauncher - 47% complete
2014-11-17 14:45:36,547 [main] INFO  org.apache.pig.backend.hadoop.executionengine.mapReduceLayer.MapReduceLauncher - 49% complete
2014-11-17 14:48:05,990 [main] INFO  org.apache.pig.backend.hadoop.executionengine.mapReduceLayer.MapReduceLauncher - 49% complete
2014-11-17 14:50:25,498 [main] INFO  org.apache.pig.backend.hadoop.executionengine.mapReduceLayer.MapReduceLauncher - 49% complete
2014-11-17 14:50:39,433 [main] INFO  org.apache.pig.backend.hadoop.executionengine.mapReduceLayer.MapReduceLauncher - 49% complete
2014-11-17 14:51:56,155 [main] INFO  org.apache.pig.backend.hadoop.executionengine.mapReduceLayer.MapReduceLauncher - 100% complete
2014-11-17 14:51:56,158 [main] INFO  org.apache.pig.tools.pigstats.SimplePigStats - Script Statistics: 

HadoopVersion	PigVersion	UserId	StartedAt	FinishedAt	Features
1.0.3	0.11.2-mapr	jli21	2014-11-17 14:41:12	2014-11-17 14:51:56	FILTER

Success!

Job Stats (time in seconds):
JobId	Maps	Reduces	MaxMapTime	MinMapTIme	AvgMapTime	MedianMapTime	MaxReduceTime	MinReduceTime	AvgReduceTime	MedianReducetime	Alias	Feature	Outputs
job_201409220913_1681970	313	0	597	74	128	121	0	0	0	0	score,scoreSample	MAP_ONLY	/user/pythia/Workspaces/SamsMEP/Recommend/Scoring/cnp/memberCard/2014-11-06/Decay/recommend_score_cobought_no_smoothing_max_cosine_cobought_transaction_debug_cnp.gz.sample,

Input(s):
Successfully read 22374182 records from: "/user/pythia/Workspaces/SamsMEP/Recommend/Scoring/cnp/memberCard/2014-11-06/Decay/recommend_score_cobought_no_smoothing_max_cosine_cobought_transaction_debug_cnp.gz"

Output(s):
Successfully stored 0 records in: "/user/pythia/Workspaces/SamsMEP/Recommend/Scoring/cnp/memberCard/2014-11-06/Decay/recommend_score_cobought_no_smoothing_max_cosine_cobought_transaction_debug_cnp.gz.sample"

Counters:
Total records written : 0
Total bytes written : 0
Spillable Memory Manager spill count : 0
Total bags proactively spilled: 0
Total records proactively spilled: 0

Job DAG:
job_201409220913_1681970


2014-11-17 14:51:58,291 [main] INFO  org.apache.pig.backend.hadoop.executionengine.mapReduceLayer.MapReduceLauncher - Success!
