Backend error message
---------------------
Too many fetch-failures

Pig Stack Trace
---------------
ERROR 2997: Unable to recreate exception from backed error: Too many fetch-failures

org.apache.pig.backend.executionengine.ExecException: ERROR 2997: Unable to recreate exception from backed error: Too many fetch-failures
	at org.apache.pig.backend.hadoop.executionengine.mapReduceLayer.Launcher.getErrorMessages(Launcher.java:217)
	at org.apache.pig.backend.hadoop.executionengine.mapReduceLayer.Launcher.getStats(Launcher.java:149)
	at org.apache.pig.backend.hadoop.executionengine.mapReduceLayer.MapReduceLauncher.launchPig(MapReduceLauncher.java:400)
	at org.apache.pig.PigServer.launchPlan(PigServer.java:1264)
	at org.apache.pig.PigServer.executeCompiledLogicalPlan(PigServer.java:1249)
	at org.apache.pig.PigServer.execute(PigServer.java:1239)
	at org.apache.pig.PigServer.executeBatch(PigServer.java:333)
	at org.apache.pig.tools.grunt.GruntParser.executeBatch(GruntParser.java:137)
	at org.apache.pig.tools.grunt.GruntParser.parseStopOnError(GruntParser.java:198)
	at org.apache.pig.tools.grunt.GruntParser.parseStopOnError(GruntParser.java:170)
	at org.apache.pig.tools.grunt.Grunt.exec(Grunt.java:84)
	at org.apache.pig.Main.run(Main.java:475)
	at org.apache.pig.Main.main(Main.java:157)
	at sun.reflect.NativeMethodAccessorImpl.invoke0(Native Method)
	at sun.reflect.NativeMethodAccessorImpl.invoke(NativeMethodAccessorImpl.java:39)
	at sun.reflect.DelegatingMethodAccessorImpl.invoke(DelegatingMethodAccessorImpl.java:25)
	at java.lang.reflect.Method.invoke(Method.java:597)
	at org.apache.hadoop.util.RunJar.main(RunJar.java:197)
================================================================================
Pig Stack Trace
---------------
ERROR 2244: Job failed, hadoop does not return any error message

org.apache.pig.backend.executionengine.ExecException: ERROR 2244: Job failed, hadoop does not return any error message
	at org.apache.pig.tools.grunt.GruntParser.executeBatch(GruntParser.java:145)
	at org.apache.pig.tools.grunt.GruntParser.parseStopOnError(GruntParser.java:198)
	at org.apache.pig.tools.grunt.GruntParser.parseStopOnError(GruntParser.java:170)
	at org.apache.pig.tools.grunt.Grunt.exec(Grunt.java:84)
	at org.apache.pig.Main.run(Main.java:475)
	at org.apache.pig.Main.main(Main.java:157)
	at sun.reflect.NativeMethodAccessorImpl.invoke0(Native Method)
	at sun.reflect.NativeMethodAccessorImpl.invoke(NativeMethodAccessorImpl.java:39)
	at sun.reflect.DelegatingMethodAccessorImpl.invoke(DelegatingMethodAccessorImpl.java:25)
	at java.lang.reflect.Method.invoke(Method.java:597)
	at org.apache.hadoop.util.RunJar.main(RunJar.java:197)
================================================================================
Pig Stack Trace
---------------
ERROR 2244: Job failed, hadoop does not return any error message

org.apache.pig.backend.executionengine.ExecException: ERROR 2244: Job failed, hadoop does not return any error message
	at org.apache.pig.tools.grunt.GruntParser.executeBatch(GruntParser.java:145)
	at org.apache.pig.tools.grunt.GruntParser.parseStopOnError(GruntParser.java:198)
	at org.apache.pig.tools.grunt.GruntParser.parseStopOnError(GruntParser.java:170)
	at org.apache.pig.tools.grunt.Grunt.exec(Grunt.java:84)
	at org.apache.pig.Main.run(Main.java:475)
	at org.apache.pig.Main.main(Main.java:157)
	at sun.reflect.NativeMethodAccessorImpl.invoke0(Native Method)
	at sun.reflect.NativeMethodAccessorImpl.invoke(NativeMethodAccessorImpl.java:39)
	at sun.reflect.DelegatingMethodAccessorImpl.invoke(DelegatingMethodAccessorImpl.java:25)
	at java.lang.reflect.Method.invoke(Method.java:597)
	at org.apache.hadoop.util.RunJar.main(RunJar.java:197)
================================================================================
Pig Stack Trace
---------------
ERROR 2244: Job failed, hadoop does not return any error message

org.apache.pig.backend.executionengine.ExecException: ERROR 2244: Job failed, hadoop does not return any error message
	at org.apache.pig.tools.grunt.GruntParser.executeBatch(GruntParser.java:145)
	at org.apache.pig.tools.grunt.GruntParser.parseStopOnError(GruntParser.java:198)
	at org.apache.pig.tools.grunt.GruntParser.parseStopOnError(GruntParser.java:170)
	at org.apache.pig.tools.grunt.Grunt.exec(Grunt.java:84)
	at org.apache.pig.Main.run(Main.java:475)
	at org.apache.pig.Main.main(Main.java:157)
	at sun.reflect.NativeMethodAccessorImpl.invoke0(Native Method)
	at sun.reflect.NativeMethodAccessorImpl.invoke(NativeMethodAccessorImpl.java:39)
	at sun.reflect.DelegatingMethodAccessorImpl.invoke(DelegatingMethodAccessorImpl.java:25)
	at java.lang.reflect.Method.invoke(Method.java:597)
	at org.apache.hadoop.util.RunJar.main(RunJar.java:197)
================================================================================
Pig Stack Trace
---------------
ERROR 2244: Job failed, hadoop does not return any error message

org.apache.pig.backend.executionengine.ExecException: ERROR 2244: Job failed, hadoop does not return any error message
	at org.apache.pig.tools.grunt.GruntParser.executeBatch(GruntParser.java:145)
	at org.apache.pig.tools.grunt.GruntParser.parseStopOnError(GruntParser.java:198)
	at org.apache.pig.tools.grunt.GruntParser.parseStopOnError(GruntParser.java:170)
	at org.apache.pig.tools.grunt.Grunt.exec(Grunt.java:84)
	at org.apache.pig.Main.run(Main.java:475)
	at org.apache.pig.Main.main(Main.java:157)
	at sun.reflect.NativeMethodAccessorImpl.invoke0(Native Method)
	at sun.reflect.NativeMethodAccessorImpl.invoke(NativeMethodAccessorImpl.java:39)
	at sun.reflect.DelegatingMethodAccessorImpl.invoke(DelegatingMethodAccessorImpl.java:25)
	at java.lang.reflect.Method.invoke(Method.java:597)
	at org.apache.hadoop.util.RunJar.main(RunJar.java:197)
================================================================================
