_RUN=2014-11-17
date: invalid date `=2013-11-17'
^CCOB_DT=
SEASONALITY_DT=2014-09-09
Cobought=/user/jli21/sams/cf/prep/cobought//cosine/cobought__1
Seasonality=
^C

The cobought score was already there. No action needed.
Number of RECO subcat: 2559
The seasonality table was already there. No action needed.
The weekly table was already there. No action needed.
start the prep stage!
rmr: cannot remove /user/jli21/pythia/Workspaces/CNP/reco/2014-11-16/itemInfo/dump: No such file or directory.
Logging initialized using configuration in file:/etc/hive/conf.bfd-puppet/hive-log4j.properties
Hive history file=/data1/hive/jli21/hive_job_log_jli21_201411171116_1822402735.txt
Total MapReduce jobs = 2
Launching Job 1 out of 2
Number of reduce tasks is set to 0 since there's no reduce operator
Starting Job = job_201409220913_1677757, Tracking URL = http://mapr010.sv.walmartlabs.com:50030/jobdetails.jsp?jobid=job_201409220913_1677757
Kill Command = /opt/mapr/hadoop/hadoop-0.20.2/bin/../bin/hadoop job  -Dmapred.job.tracker=maprfs:/// -kill job_201409220913_1677757
Hadoop job information for Stage-1: number of mappers: 2; number of reducers: 0
2014-11-17 11:17:12,294 Stage-1 map = 0%,  reduce = 0%
2014-11-17 11:17:40,016 Stage-1 map = 50%,  reduce = 0%, Cumulative CPU 20.5 sec
2014-11-17 11:17:41,597 Stage-1 map = 100%,  reduce = 100%, Cumulative CPU 41.44 sec
MapReduce Total cumulative CPU time: 41 seconds 440 msec
Ended Job = job_201409220913_1677757
Ended Job = -826754437, job is filtered out (removed at runtime).
Moving data to: maprfs:/user/jli21/tmp/hive_2014-11-17_11-17-04_342_6520999862436101713/-ext-10000
Moving data to: /user/jli21/pythia/Workspaces/CNP/reco/2014-11-16/itemInfo/dump
1554573 Rows loaded to /user/jli21/pythia/Workspaces/CNP/reco/2014-11-16/itemInfo/dump
MapReduce Jobs Launched:
Job 0: Map: 2   Cumulative CPU: 41.44 sec   MAPRFS Read: 527677686 MAPRFS Write: 61642020 SUCCESS
Total MapReduce CPU Time Spent: 41 seconds 440 msec
OK
Time taken: 41.263 seconds
Item info dumping was successful.
test: Requested file /user/jli21/pythia/Workspaces/CNP/reco/2014-11-16/landing/clubItemLandingDir does not exist.
Club-availability dummping was successful.
test: Requested file /user/jli21/pythia/Workspaces/CNP/reco/2014-11-16/landing/paidCardPreferClubLandingDir does not exist.
Dumped the paid cards to hdfs: /user/jli21/pythia/Workspaces/CNP/reco/2014-11-16/landing/paidCardPreferClubLandingDir/.
test: Requested file /user/jli21/pythia/Workspaces/CNP/reco/2014-11-16/landing/allCardPreferClubLandingDir does not exist.

Dumped all cards to hdfs: /user/jli21/pythia/Workspaces/CNP/reco/2014-11-16/landing/allCardPreferClubLandingDir/.
Paid card club rolling succeeded!
All card club rolling succeeded!
Club item popularity rolling succeeded!
Member item popularity rolling succeeded!
Card item popularity rolling succeeded!
Mapping from a sub-cat to the most popular item succeeded!
The prep stage was done successfully.



